2023-05-01 02:40:40,988 ----------------------------------------------------------------------------------------------------
2023-05-01 02:40:40,989 Model: "SequenceTagger(
  (embeddings): StackedEmbeddings(
    (list_embedding_0): WordEmbeddings(
      'glove'
      (embedding): Embedding(400001, 100)
    )
  )
  (word_dropout): WordDropout(p=0.05)
  (locked_dropout): LockedDropout(p=0.5)
  (embedding2nn): Linear(in_features=100, out_features=100, bias=True)
  (rnn): LSTM(100, 256, batch_first=True, bidirectional=True)
  (linear): Linear(in_features=512, out_features=39, bias=True)
  (loss_function): ViterbiLoss()
  (crf): CRF()
)"
2023-05-01 02:40:40,990 ----------------------------------------------------------------------------------------------------
2023-05-01 02:40:41,001 Corpus: "Corpus: 38367 train + 4796 dev + 4796 test sentences"
2023-05-01 02:40:41,002 ----------------------------------------------------------------------------------------------------
2023-05-01 02:40:41,004 Parameters:
2023-05-01 02:40:41,006  - learning_rate: "0.100000"
2023-05-01 02:40:41,007  - mini_batch_size: "32"
2023-05-01 02:40:41,009  - patience: "3"
2023-05-01 02:40:41,010  - anneal_factor: "0.5"
2023-05-01 02:40:41,011  - max_epochs: "150"
2023-05-01 02:40:41,012  - shuffle: "True"
2023-05-01 02:40:41,013  - train_with_dev: "False"
2023-05-01 02:40:41,014  - batch_growth_annealing: "False"
2023-05-01 02:40:41,015 ----------------------------------------------------------------------------------------------------
2023-05-01 02:40:41,019 Model training base path: "resources/taggers/example-ner"
2023-05-01 02:40:41,023 ----------------------------------------------------------------------------------------------------
2023-05-01 02:40:41,027 Device: cpu
2023-05-01 02:40:41,028 ----------------------------------------------------------------------------------------------------
2023-05-01 02:40:41,028 Embeddings storage mode: cpu
2023-05-01 02:40:41,029 ----------------------------------------------------------------------------------------------------
2023-05-01 02:41:20,365 epoch 1 - iter 119/1199 - loss 0.89611802 - time (sec): 39.33 - samples/sec: 2122.17 - lr: 0.100000
2023-05-01 02:41:57,352 epoch 1 - iter 238/1199 - loss 0.70712615 - time (sec): 76.32 - samples/sec: 2169.25 - lr: 0.100000
2023-05-01 02:42:34,863 epoch 1 - iter 357/1199 - loss 0.60688784 - time (sec): 113.83 - samples/sec: 2187.98 - lr: 0.100000
2023-05-01 02:43:16,568 epoch 1 - iter 476/1199 - loss 0.54103676 - time (sec): 155.54 - samples/sec: 2138.57 - lr: 0.100000
2023-05-01 02:43:51,163 epoch 1 - iter 595/1199 - loss 0.49541824 - time (sec): 190.13 - samples/sec: 2186.67 - lr: 0.100000
2023-05-01 02:44:30,273 epoch 1 - iter 714/1199 - loss 0.46030294 - time (sec): 229.24 - samples/sec: 2178.31 - lr: 0.100000
2023-05-01 02:45:15,392 epoch 1 - iter 833/1199 - loss 0.43297548 - time (sec): 274.36 - samples/sec: 2122.25 - lr: 0.100000
2023-05-01 02:46:02,961 epoch 1 - iter 952/1199 - loss 0.41083261 - time (sec): 321.93 - samples/sec: 2070.49 - lr: 0.100000
2023-05-01 02:46:46,977 epoch 1 - iter 1071/1199 - loss 0.39325201 - time (sec): 365.95 - samples/sec: 2048.71 - lr: 0.100000
2023-05-01 02:47:28,962 epoch 1 - iter 1190/1199 - loss 0.37803419 - time (sec): 407.93 - samples/sec: 2041.58 - lr: 0.100000
2023-05-01 02:47:31,792 ----------------------------------------------------------------------------------------------------
2023-05-01 02:47:31,793 EPOCH 1 done: loss 0.3768 - lr 0.100000
2023-05-01 02:47:52,073 Evaluating as a multi-label problem: False
2023-05-01 02:47:52,176 DEV : loss 0.15897013247013092 - f1-score (micro avg)  0.7339
2023-05-01 02:47:52,378 BAD EPOCHS (no improvement): 0
2023-05-01 02:47:52,380 saving best model
2023-05-01 02:47:53,571 ----------------------------------------------------------------------------------------------------
2023-05-01 02:48:35,204 epoch 2 - iter 119/1199 - loss 0.22543707 - time (sec): 41.63 - samples/sec: 1985.46 - lr: 0.100000
2023-05-01 02:49:14,775 epoch 2 - iter 238/1199 - loss 0.22402504 - time (sec): 81.20 - samples/sec: 2041.15 - lr: 0.100000
2023-05-01 02:49:54,376 epoch 2 - iter 357/1199 - loss 0.22439418 - time (sec): 120.80 - samples/sec: 2061.78 - lr: 0.100000
2023-05-01 02:50:32,838 epoch 2 - iter 476/1199 - loss 0.22202235 - time (sec): 159.27 - samples/sec: 2089.07 - lr: 0.100000
2023-05-01 02:51:12,060 epoch 2 - iter 595/1199 - loss 0.21825498 - time (sec): 198.49 - samples/sec: 2095.18 - lr: 0.100000
2023-05-01 02:51:50,748 epoch 2 - iter 714/1199 - loss 0.21617941 - time (sec): 237.18 - samples/sec: 2103.25 - lr: 0.100000
2023-05-01 02:52:27,963 epoch 2 - iter 833/1199 - loss 0.21400302 - time (sec): 274.39 - samples/sec: 2120.46 - lr: 0.100000
2023-05-01 02:53:05,329 epoch 2 - iter 952/1199 - loss 0.21251330 - time (sec): 311.76 - samples/sec: 2135.18 - lr: 0.100000
2023-05-01 02:53:41,713 epoch 2 - iter 1071/1199 - loss 0.21079101 - time (sec): 348.14 - samples/sec: 2152.87 - lr: 0.100000
2023-05-01 02:54:19,662 epoch 2 - iter 1190/1199 - loss 0.20918348 - time (sec): 386.09 - samples/sec: 2157.71 - lr: 0.100000
2023-05-01 02:54:22,536 ----------------------------------------------------------------------------------------------------
2023-05-01 02:54:22,537 EPOCH 2 done: loss 0.2091 - lr 0.100000
2023-05-01 02:54:44,196 Evaluating as a multi-label problem: False
2023-05-01 02:54:44,309 DEV : loss 0.12643837928771973 - f1-score (micro avg)  0.7692
2023-05-01 02:54:44,542 BAD EPOCHS (no improvement): 0
2023-05-01 02:54:44,544 saving best model
2023-05-01 02:54:45,329 ----------------------------------------------------------------------------------------------------
2023-05-01 02:55:22,636 epoch 3 - iter 119/1199 - loss 0.18817702 - time (sec): 37.31 - samples/sec: 2229.63 - lr: 0.100000
2023-05-01 02:55:59,564 epoch 3 - iter 238/1199 - loss 0.18742530 - time (sec): 74.23 - samples/sec: 2252.62 - lr: 0.100000
2023-05-01 02:56:36,222 epoch 3 - iter 357/1199 - loss 0.18653921 - time (sec): 110.89 - samples/sec: 2262.06 - lr: 0.100000
2023-05-01 02:57:15,081 epoch 3 - iter 476/1199 - loss 0.18601557 - time (sec): 149.75 - samples/sec: 2234.10 - lr: 0.100000
2023-05-01 02:57:52,227 epoch 3 - iter 595/1199 - loss 0.18519391 - time (sec): 186.90 - samples/sec: 2234.51 - lr: 0.100000
2023-05-01 02:58:33,063 epoch 3 - iter 714/1199 - loss 0.18454174 - time (sec): 227.73 - samples/sec: 2198.34 - lr: 0.100000
2023-05-01 02:59:11,604 epoch 3 - iter 833/1199 - loss 0.18409554 - time (sec): 266.27 - samples/sec: 2190.60 - lr: 0.100000
2023-05-01 02:59:48,297 epoch 3 - iter 952/1199 - loss 0.18383565 - time (sec): 302.97 - samples/sec: 2199.64 - lr: 0.100000
2023-05-01 03:00:27,743 epoch 3 - iter 1071/1199 - loss 0.18316505 - time (sec): 342.41 - samples/sec: 2190.03 - lr: 0.100000
2023-05-01 03:01:04,581 epoch 3 - iter 1190/1199 - loss 0.18224750 - time (sec): 379.25 - samples/sec: 2196.56 - lr: 0.100000
2023-05-01 03:01:07,705 ----------------------------------------------------------------------------------------------------
2023-05-01 03:01:07,706 EPOCH 3 done: loss 0.1823 - lr 0.100000
2023-05-01 03:01:31,298 Evaluating as a multi-label problem: False
2023-05-01 03:01:31,427 DEV : loss 0.11431200802326202 - f1-score (micro avg)  0.7817
2023-05-01 03:01:31,687 BAD EPOCHS (no improvement): 0
2023-05-01 03:01:31,690 saving best model
2023-05-01 03:01:32,788 ----------------------------------------------------------------------------------------------------
2023-05-01 03:02:17,650 epoch 4 - iter 119/1199 - loss 0.17513787 - time (sec): 44.86 - samples/sec: 1865.09 - lr: 0.100000
2023-05-01 03:02:57,147 epoch 4 - iter 238/1199 - loss 0.17203006 - time (sec): 84.36 - samples/sec: 1982.41 - lr: 0.100000
2023-05-01 03:03:35,312 epoch 4 - iter 357/1199 - loss 0.17300026 - time (sec): 122.52 - samples/sec: 2047.60 - lr: 0.100000
2023-05-01 03:04:13,164 epoch 4 - iter 476/1199 - loss 0.17177666 - time (sec): 160.38 - samples/sec: 2083.38 - lr: 0.100000
2023-05-01 03:04:54,046 epoch 4 - iter 595/1199 - loss 0.17227955 - time (sec): 201.26 - samples/sec: 2073.18 - lr: 0.100000
2023-05-01 03:05:33,460 epoch 4 - iter 714/1199 - loss 0.17216550 - time (sec): 240.67 - samples/sec: 2082.56 - lr: 0.100000
2023-05-01 03:06:11,712 epoch 4 - iter 833/1199 - loss 0.17205032 - time (sec): 278.92 - samples/sec: 2094.10 - lr: 0.100000
2023-05-01 03:06:50,957 epoch 4 - iter 952/1199 - loss 0.17089811 - time (sec): 318.17 - samples/sec: 2097.23 - lr: 0.100000
2023-05-01 03:07:28,222 epoch 4 - iter 1071/1199 - loss 0.17034828 - time (sec): 355.43 - samples/sec: 2110.87 - lr: 0.100000
2023-05-01 03:08:07,636 epoch 4 - iter 1190/1199 - loss 0.16933310 - time (sec): 394.85 - samples/sec: 2108.85 - lr: 0.100000
2023-05-01 03:08:11,398 ----------------------------------------------------------------------------------------------------
2023-05-01 03:08:11,400 EPOCH 4 done: loss 0.1692 - lr 0.100000
2023-05-01 03:08:38,198 Evaluating as a multi-label problem: False
2023-05-01 03:08:38,301 DEV : loss 0.11162347346544266 - f1-score (micro avg)  0.7869
2023-05-01 03:08:38,499 BAD EPOCHS (no improvement): 0
2023-05-01 03:08:38,501 saving best model
2023-05-01 03:08:39,385 ----------------------------------------------------------------------------------------------------
2023-05-01 03:09:20,576 epoch 5 - iter 119/1199 - loss 0.16534309 - time (sec): 41.19 - samples/sec: 2026.30 - lr: 0.100000
2023-05-01 03:10:03,539 epoch 5 - iter 238/1199 - loss 0.16507767 - time (sec): 84.15 - samples/sec: 1992.90 - lr: 0.100000
2023-05-01 03:10:43,398 epoch 5 - iter 357/1199 - loss 0.16318851 - time (sec): 124.01 - samples/sec: 2020.77 - lr: 0.100000
2023-05-01 03:11:24,342 epoch 5 - iter 476/1199 - loss 0.16307997 - time (sec): 164.96 - samples/sec: 2024.69 - lr: 0.100000
2023-05-01 03:12:02,385 epoch 5 - iter 595/1199 - loss 0.16212220 - time (sec): 203.00 - samples/sec: 2053.03 - lr: 0.100000
2023-05-01 03:12:41,698 epoch 5 - iter 714/1199 - loss 0.16184434 - time (sec): 242.31 - samples/sec: 2062.40 - lr: 0.100000
2023-05-01 03:13:23,040 epoch 5 - iter 833/1199 - loss 0.16209364 - time (sec): 283.65 - samples/sec: 2056.88 - lr: 0.100000
2023-05-01 03:14:03,961 epoch 5 - iter 952/1199 - loss 0.16193729 - time (sec): 324.58 - samples/sec: 2055.28 - lr: 0.100000
2023-05-01 03:14:44,023 epoch 5 - iter 1071/1199 - loss 0.16167925 - time (sec): 364.64 - samples/sec: 2057.93 - lr: 0.100000
2023-05-01 03:15:23,845 epoch 5 - iter 1190/1199 - loss 0.16131175 - time (sec): 404.46 - samples/sec: 2059.85 - lr: 0.100000
2023-05-01 03:15:26,774 ----------------------------------------------------------------------------------------------------
2023-05-01 03:15:26,775 EPOCH 5 done: loss 0.1613 - lr 0.100000
2023-05-01 03:15:46,188 Evaluating as a multi-label problem: False
2023-05-01 03:15:46,291 DEV : loss 0.10486947745084763 - f1-score (micro avg)  0.7932
2023-05-01 03:15:46,502 BAD EPOCHS (no improvement): 0
2023-05-01 03:15:46,505 saving best model
2023-05-01 03:15:47,292 ----------------------------------------------------------------------------------------------------
2023-05-01 03:16:25,144 epoch 6 - iter 119/1199 - loss 0.15239107 - time (sec): 37.85 - samples/sec: 2210.82 - lr: 0.100000
2023-05-01 03:17:03,924 epoch 6 - iter 238/1199 - loss 0.15709391 - time (sec): 76.63 - samples/sec: 2182.94 - lr: 0.100000
2023-05-01 03:17:47,013 epoch 6 - iter 357/1199 - loss 0.15657768 - time (sec): 119.72 - samples/sec: 2091.21 - lr: 0.100000
2023-05-01 03:18:30,660 epoch 6 - iter 476/1199 - loss 0.15647310 - time (sec): 163.37 - samples/sec: 2040.55 - lr: 0.100000
2023-05-01 03:19:15,477 epoch 6 - iter 595/1199 - loss 0.15591157 - time (sec): 208.18 - samples/sec: 1999.02 - lr: 0.100000
2023-05-01 03:19:53,471 epoch 6 - iter 714/1199 - loss 0.15655288 - time (sec): 246.18 - samples/sec: 2031.57 - lr: 0.100000
2023-05-01 03:20:36,271 epoch 6 - iter 833/1199 - loss 0.15696027 - time (sec): 288.98 - samples/sec: 2020.00 - lr: 0.100000
2023-05-01 03:21:15,193 epoch 6 - iter 952/1199 - loss 0.15697162 - time (sec): 327.90 - samples/sec: 2035.01 - lr: 0.100000
2023-05-01 03:21:53,397 epoch 6 - iter 1071/1199 - loss 0.15597308 - time (sec): 366.10 - samples/sec: 2049.39 - lr: 0.100000
2023-05-01 03:22:34,622 epoch 6 - iter 1190/1199 - loss 0.15571220 - time (sec): 407.33 - samples/sec: 2045.69 - lr: 0.100000
2023-05-01 03:22:37,495 ----------------------------------------------------------------------------------------------------
2023-05-01 03:22:37,497 EPOCH 6 done: loss 0.1556 - lr 0.100000
2023-05-01 03:22:57,346 Evaluating as a multi-label problem: False
2023-05-01 03:22:57,450 DEV : loss 0.09958449751138687 - f1-score (micro avg)  0.7991
2023-05-01 03:22:57,656 BAD EPOCHS (no improvement): 0
2023-05-01 03:22:57,659 saving best model
2023-05-01 03:22:58,594 ----------------------------------------------------------------------------------------------------
2023-05-01 03:23:36,439 epoch 7 - iter 119/1199 - loss 0.14937946 - time (sec): 37.84 - samples/sec: 2211.54 - lr: 0.100000
2023-05-01 03:24:15,202 epoch 7 - iter 238/1199 - loss 0.14994562 - time (sec): 76.61 - samples/sec: 2189.55 - lr: 0.100000
2023-05-01 03:24:53,991 epoch 7 - iter 357/1199 - loss 0.15184547 - time (sec): 115.40 - samples/sec: 2172.79 - lr: 0.100000
2023-05-01 03:25:30,471 epoch 7 - iter 476/1199 - loss 0.15166628 - time (sec): 151.88 - samples/sec: 2199.29 - lr: 0.100000
2023-05-01 03:26:08,859 epoch 7 - iter 595/1199 - loss 0.15166928 - time (sec): 190.26 - samples/sec: 2193.38 - lr: 0.100000
2023-05-01 03:26:44,823 epoch 7 - iter 714/1199 - loss 0.15252283 - time (sec): 226.23 - samples/sec: 2209.98 - lr: 0.100000
2023-05-01 03:27:22,190 epoch 7 - iter 833/1199 - loss 0.15281269 - time (sec): 263.59 - samples/sec: 2213.59 - lr: 0.100000
2023-05-01 03:28:02,579 epoch 7 - iter 952/1199 - loss 0.15222173 - time (sec): 303.98 - samples/sec: 2190.41 - lr: 0.100000
2023-05-01 03:28:41,307 epoch 7 - iter 1071/1199 - loss 0.15195602 - time (sec): 342.71 - samples/sec: 2187.42 - lr: 0.100000
2023-05-01 03:29:19,907 epoch 7 - iter 1190/1199 - loss 0.15196600 - time (sec): 381.31 - samples/sec: 2185.16 - lr: 0.100000
2023-05-01 03:29:22,726 ----------------------------------------------------------------------------------------------------
2023-05-01 03:29:22,727 EPOCH 7 done: loss 0.1519 - lr 0.100000
2023-05-01 03:29:45,347 Evaluating as a multi-label problem: False
2023-05-01 03:29:45,449 DEV : loss 0.10022348165512085 - f1-score (micro avg)  0.8005
2023-05-01 03:29:45,655 BAD EPOCHS (no improvement): 0
2023-05-01 03:29:45,658 saving best model
2023-05-01 03:29:46,516 ----------------------------------------------------------------------------------------------------
2023-05-01 03:30:25,034 epoch 8 - iter 119/1199 - loss 0.15297502 - time (sec): 38.52 - samples/sec: 2158.91 - lr: 0.100000
2023-05-01 03:31:02,492 epoch 8 - iter 238/1199 - loss 0.15125865 - time (sec): 75.97 - samples/sec: 2186.00 - lr: 0.100000
2023-05-01 03:31:40,005 epoch 8 - iter 357/1199 - loss 0.14981473 - time (sec): 113.49 - samples/sec: 2197.07 - lr: 0.100000
2023-05-01 03:32:17,510 epoch 8 - iter 476/1199 - loss 0.14954900 - time (sec): 150.99 - samples/sec: 2201.87 - lr: 0.100000
2023-05-01 03:32:53,715 epoch 8 - iter 595/1199 - loss 0.14825000 - time (sec): 187.20 - samples/sec: 2221.35 - lr: 0.100000
2023-05-01 03:33:31,255 epoch 8 - iter 714/1199 - loss 0.14864442 - time (sec): 224.74 - samples/sec: 2224.02 - lr: 0.100000
2023-05-01 03:34:09,110 epoch 8 - iter 833/1199 - loss 0.14801286 - time (sec): 262.59 - samples/sec: 2220.72 - lr: 0.100000
2023-05-01 03:34:48,198 epoch 8 - iter 952/1199 - loss 0.14817867 - time (sec): 301.68 - samples/sec: 2209.09 - lr: 0.100000
2023-05-01 03:35:28,090 epoch 8 - iter 1071/1199 - loss 0.14842518 - time (sec): 341.57 - samples/sec: 2196.93 - lr: 0.100000
2023-05-01 03:36:07,991 epoch 8 - iter 1190/1199 - loss 0.14822788 - time (sec): 381.47 - samples/sec: 2183.82 - lr: 0.100000
2023-05-01 03:36:11,713 ----------------------------------------------------------------------------------------------------
2023-05-01 03:36:11,714 EPOCH 8 done: loss 0.1482 - lr 0.100000
2023-05-01 03:36:32,143 Evaluating as a multi-label problem: False
2023-05-01 03:36:32,246 DEV : loss 0.09738139063119888 - f1-score (micro avg)  0.8018
2023-05-01 03:36:32,458 BAD EPOCHS (no improvement): 0
2023-05-01 03:36:32,461 saving best model
2023-05-01 03:36:33,297 ----------------------------------------------------------------------------------------------------
2023-05-01 03:37:14,276 epoch 9 - iter 119/1199 - loss 0.15044624 - time (sec): 40.98 - samples/sec: 2017.77 - lr: 0.100000
2023-05-01 03:37:54,198 epoch 9 - iter 238/1199 - loss 0.14832121 - time (sec): 80.90 - samples/sec: 2046.94 - lr: 0.100000
2023-05-01 03:38:35,549 epoch 9 - iter 357/1199 - loss 0.14541538 - time (sec): 122.25 - samples/sec: 2042.72 - lr: 0.100000
2023-05-01 03:39:16,893 epoch 9 - iter 476/1199 - loss 0.14643524 - time (sec): 163.59 - samples/sec: 2038.19 - lr: 0.100000
2023-05-01 03:39:58,086 epoch 9 - iter 595/1199 - loss 0.14690935 - time (sec): 204.79 - samples/sec: 2034.24 - lr: 0.100000
2023-05-01 03:40:38,340 epoch 9 - iter 714/1199 - loss 0.14641220 - time (sec): 245.04 - samples/sec: 2041.42 - lr: 0.100000
2023-05-01 03:41:18,192 epoch 9 - iter 833/1199 - loss 0.14568301 - time (sec): 284.89 - samples/sec: 2046.82 - lr: 0.100000
2023-05-01 03:41:58,492 epoch 9 - iter 952/1199 - loss 0.14544302 - time (sec): 325.19 - samples/sec: 2048.90 - lr: 0.100000
2023-05-01 03:42:38,686 epoch 9 - iter 1071/1199 - loss 0.14631568 - time (sec): 365.39 - samples/sec: 2052.76 - lr: 0.100000
2023-05-01 03:43:19,420 epoch 9 - iter 1190/1199 - loss 0.14574416 - time (sec): 406.12 - samples/sec: 2051.38 - lr: 0.100000
2023-05-01 03:43:23,034 ----------------------------------------------------------------------------------------------------
2023-05-01 03:43:23,035 EPOCH 9 done: loss 0.1457 - lr 0.100000
2023-05-01 03:43:43,766 Evaluating as a multi-label problem: False
2023-05-01 03:43:43,877 DEV : loss 0.09410747140645981 - f1-score (micro avg)  0.8062
2023-05-01 03:43:44,081 BAD EPOCHS (no improvement): 0
2023-05-01 03:43:44,084 saving best model
2023-05-01 03:43:44,863 ----------------------------------------------------------------------------------------------------
2023-05-01 03:44:27,232 epoch 10 - iter 119/1199 - loss 0.14745124 - time (sec): 42.37 - samples/sec: 1973.49 - lr: 0.100000
2023-05-01 03:45:08,389 epoch 10 - iter 238/1199 - loss 0.14662895 - time (sec): 83.52 - samples/sec: 1990.62 - lr: 0.100000
2023-05-01 03:45:48,339 epoch 10 - iter 357/1199 - loss 0.14356300 - time (sec): 123.47 - samples/sec: 2018.41 - lr: 0.100000
2023-05-01 03:46:30,945 epoch 10 - iter 476/1199 - loss 0.14384185 - time (sec): 166.08 - samples/sec: 2003.19 - lr: 0.100000
2023-05-01 03:47:11,205 epoch 10 - iter 595/1199 - loss 0.14449453 - time (sec): 206.34 - samples/sec: 2019.74 - lr: 0.100000
2023-05-01 03:47:52,626 epoch 10 - iter 714/1199 - loss 0.14341139 - time (sec): 247.76 - samples/sec: 2017.60 - lr: 0.100000
2023-05-01 03:48:32,515 epoch 10 - iter 833/1199 - loss 0.14359736 - time (sec): 287.65 - samples/sec: 2028.73 - lr: 0.100000
2023-05-01 03:49:09,597 epoch 10 - iter 952/1199 - loss 0.14396247 - time (sec): 324.73 - samples/sec: 2053.83 - lr: 0.100000
2023-05-01 03:49:46,722 epoch 10 - iter 1071/1199 - loss 0.14411656 - time (sec): 361.86 - samples/sec: 2072.21 - lr: 0.100000
2023-05-01 03:50:23,335 epoch 10 - iter 1190/1199 - loss 0.14409636 - time (sec): 398.47 - samples/sec: 2090.92 - lr: 0.100000
2023-05-01 03:50:26,343 ----------------------------------------------------------------------------------------------------
2023-05-01 03:50:26,344 EPOCH 10 done: loss 0.1440 - lr 0.100000
2023-05-01 03:50:48,453 Evaluating as a multi-label problem: False
2023-05-01 03:50:48,551 DEV : loss 0.09262164682149887 - f1-score (micro avg)  0.8067
2023-05-01 03:50:48,752 BAD EPOCHS (no improvement): 0
2023-05-01 03:50:48,754 saving best model
2023-05-01 03:50:49,553 ----------------------------------------------------------------------------------------------------
2023-05-01 03:51:27,112 epoch 11 - iter 119/1199 - loss 0.14146405 - time (sec): 37.56 - samples/sec: 2233.18 - lr: 0.100000
2023-05-01 03:52:03,988 epoch 11 - iter 238/1199 - loss 0.14370599 - time (sec): 74.43 - samples/sec: 2247.03 - lr: 0.100000
2023-05-01 03:52:40,193 epoch 11 - iter 357/1199 - loss 0.14192721 - time (sec): 110.64 - samples/sec: 2271.22 - lr: 0.100000
2023-05-01 03:53:16,317 epoch 11 - iter 476/1199 - loss 0.14173560 - time (sec): 146.76 - samples/sec: 2277.62 - lr: 0.100000
2023-05-01 03:53:52,578 epoch 11 - iter 595/1199 - loss 0.14194861 - time (sec): 183.02 - samples/sec: 2278.43 - lr: 0.100000
2023-05-01 03:54:29,975 epoch 11 - iter 714/1199 - loss 0.14165400 - time (sec): 220.42 - samples/sec: 2271.95 - lr: 0.100000
2023-05-01 03:55:05,962 epoch 11 - iter 833/1199 - loss 0.14153359 - time (sec): 256.41 - samples/sec: 2276.62 - lr: 0.100000
2023-05-01 03:55:44,097 epoch 11 - iter 952/1199 - loss 0.14166411 - time (sec): 294.54 - samples/sec: 2262.98 - lr: 0.100000
2023-05-01 03:56:21,439 epoch 11 - iter 1071/1199 - loss 0.14172941 - time (sec): 331.88 - samples/sec: 2258.58 - lr: 0.100000
2023-05-01 03:56:59,153 epoch 11 - iter 1190/1199 - loss 0.14164042 - time (sec): 369.60 - samples/sec: 2254.04 - lr: 0.100000
2023-05-01 03:57:02,007 ----------------------------------------------------------------------------------------------------
2023-05-01 03:57:02,008 EPOCH 11 done: loss 0.1417 - lr 0.100000
2023-05-01 03:57:21,335 Evaluating as a multi-label problem: False
2023-05-01 03:57:21,440 DEV : loss 0.09000915288925171 - f1-score (micro avg)  0.8085
2023-05-01 03:57:21,647 BAD EPOCHS (no improvement): 0
2023-05-01 03:57:21,649 saving best model
2023-05-01 03:57:22,388 ----------------------------------------------------------------------------------------------------
2023-05-01 03:57:59,017 epoch 12 - iter 119/1199 - loss 0.14251964 - time (sec): 36.63 - samples/sec: 2274.96 - lr: 0.100000
2023-05-01 03:58:35,145 epoch 12 - iter 238/1199 - loss 0.14107330 - time (sec): 72.76 - samples/sec: 2292.46 - lr: 0.100000
2023-05-01 03:59:12,063 epoch 12 - iter 357/1199 - loss 0.13972740 - time (sec): 109.67 - samples/sec: 2275.98 - lr: 0.100000
2023-05-01 03:59:49,768 epoch 12 - iter 476/1199 - loss 0.13988343 - time (sec): 147.38 - samples/sec: 2261.56 - lr: 0.100000
2023-05-01 04:00:27,741 epoch 12 - iter 595/1199 - loss 0.13997800 - time (sec): 185.35 - samples/sec: 2249.83 - lr: 0.100000
2023-05-01 04:01:05,510 epoch 12 - iter 714/1199 - loss 0.14025131 - time (sec): 223.12 - samples/sec: 2245.99 - lr: 0.100000
2023-05-01 04:01:42,176 epoch 12 - iter 833/1199 - loss 0.14055205 - time (sec): 259.79 - samples/sec: 2249.25 - lr: 0.100000
2023-05-01 04:02:19,265 epoch 12 - iter 952/1199 - loss 0.14095462 - time (sec): 296.88 - samples/sec: 2249.45 - lr: 0.100000
2023-05-01 04:02:57,169 epoch 12 - iter 1071/1199 - loss 0.14042177 - time (sec): 334.78 - samples/sec: 2242.50 - lr: 0.100000
2023-05-01 04:03:33,229 epoch 12 - iter 1190/1199 - loss 0.14056583 - time (sec): 370.84 - samples/sec: 2246.71 - lr: 0.100000
2023-05-01 04:03:35,864 ----------------------------------------------------------------------------------------------------
2023-05-01 04:03:35,865 EPOCH 12 done: loss 0.1406 - lr 0.100000
2023-05-01 04:03:57,661 Evaluating as a multi-label problem: False
2023-05-01 04:03:57,762 DEV : loss 0.09058879315853119 - f1-score (micro avg)  0.8072
2023-05-01 04:03:57,968 BAD EPOCHS (no improvement): 1
2023-05-01 04:03:57,970 ----------------------------------------------------------------------------------------------------
2023-05-01 04:04:35,219 epoch 13 - iter 119/1199 - loss 0.13909082 - time (sec): 37.25 - samples/sec: 2229.76 - lr: 0.100000
2023-05-01 04:05:10,741 epoch 13 - iter 238/1199 - loss 0.13712221 - time (sec): 72.77 - samples/sec: 2284.25 - lr: 0.100000
2023-05-01 04:05:47,419 epoch 13 - iter 357/1199 - loss 0.13741777 - time (sec): 109.45 - samples/sec: 2277.17 - lr: 0.100000
2023-05-01 04:06:24,199 epoch 13 - iter 476/1199 - loss 0.13761382 - time (sec): 146.23 - samples/sec: 2276.29 - lr: 0.100000
2023-05-01 04:07:01,886 epoch 13 - iter 595/1199 - loss 0.13788158 - time (sec): 183.91 - samples/sec: 2267.80 - lr: 0.100000
2023-05-01 04:07:40,161 epoch 13 - iter 714/1199 - loss 0.13814365 - time (sec): 222.19 - samples/sec: 2251.75 - lr: 0.100000
2023-05-01 04:08:17,005 epoch 13 - iter 833/1199 - loss 0.13888232 - time (sec): 259.03 - samples/sec: 2253.75 - lr: 0.100000
2023-05-01 04:08:53,511 epoch 13 - iter 952/1199 - loss 0.13900571 - time (sec): 295.54 - samples/sec: 2255.48 - lr: 0.100000
2023-05-01 04:09:31,070 epoch 13 - iter 1071/1199 - loss 0.13932783 - time (sec): 333.10 - samples/sec: 2250.57 - lr: 0.100000
2023-05-01 04:10:09,675 epoch 13 - iter 1190/1199 - loss 0.13905657 - time (sec): 371.70 - samples/sec: 2240.85 - lr: 0.100000
2023-05-01 04:10:12,897 ----------------------------------------------------------------------------------------------------
2023-05-01 04:10:12,897 EPOCH 13 done: loss 0.1390 - lr 0.100000
2023-05-01 04:10:32,543 Evaluating as a multi-label problem: False
2023-05-01 04:10:32,642 DEV : loss 0.09005721658468246 - f1-score (micro avg)  0.8063
2023-05-01 04:10:32,869 BAD EPOCHS (no improvement): 2
2023-05-01 04:10:32,887 ----------------------------------------------------------------------------------------------------
2023-05-01 04:11:09,551 epoch 14 - iter 119/1199 - loss 0.13760459 - time (sec): 36.66 - samples/sec: 2263.96 - lr: 0.100000
2023-05-01 04:11:46,914 epoch 14 - iter 238/1199 - loss 0.13541922 - time (sec): 74.03 - samples/sec: 2242.63 - lr: 0.100000
2023-05-01 04:12:24,073 epoch 14 - iter 357/1199 - loss 0.13441056 - time (sec): 111.18 - samples/sec: 2249.77 - lr: 0.100000
2023-05-01 04:13:01,848 epoch 14 - iter 476/1199 - loss 0.13633423 - time (sec): 148.96 - samples/sec: 2240.29 - lr: 0.100000
2023-05-01 04:13:38,110 epoch 14 - iter 595/1199 - loss 0.13606472 - time (sec): 185.22 - samples/sec: 2247.25 - lr: 0.100000
2023-05-01 04:14:15,267 epoch 14 - iter 714/1199 - loss 0.13719598 - time (sec): 222.38 - samples/sec: 2247.66 - lr: 0.100000
2023-05-01 04:14:52,632 epoch 14 - iter 833/1199 - loss 0.13714029 - time (sec): 259.74 - samples/sec: 2244.70 - lr: 0.100000
2023-05-01 04:15:29,690 epoch 14 - iter 952/1199 - loss 0.13692454 - time (sec): 296.80 - samples/sec: 2244.95 - lr: 0.100000
2023-05-01 04:16:07,241 epoch 14 - iter 1071/1199 - loss 0.13695204 - time (sec): 334.35 - samples/sec: 2244.01 - lr: 0.100000
2023-05-01 04:16:44,807 epoch 14 - iter 1190/1199 - loss 0.13713106 - time (sec): 371.92 - samples/sec: 2239.68 - lr: 0.100000
2023-05-01 04:16:47,955 ----------------------------------------------------------------------------------------------------
2023-05-01 04:16:47,955 EPOCH 14 done: loss 0.1372 - lr 0.100000
2023-05-01 04:17:07,202 Evaluating as a multi-label problem: False
2023-05-01 04:17:07,301 DEV : loss 0.08885487169027328 - f1-score (micro avg)  0.8092
2023-05-01 04:17:07,504 BAD EPOCHS (no improvement): 0
2023-05-01 04:17:07,506 saving best model
2023-05-01 04:17:08,242 ----------------------------------------------------------------------------------------------------
2023-05-01 04:17:45,436 epoch 15 - iter 119/1199 - loss 0.13540530 - time (sec): 37.19 - samples/sec: 2231.43 - lr: 0.100000
2023-05-01 04:18:22,255 epoch 15 - iter 238/1199 - loss 0.13570970 - time (sec): 74.01 - samples/sec: 2242.53 - lr: 0.100000
2023-05-01 04:18:59,409 epoch 15 - iter 357/1199 - loss 0.13653316 - time (sec): 111.17 - samples/sec: 2246.74 - lr: 0.100000
2023-05-01 04:19:36,741 epoch 15 - iter 476/1199 - loss 0.13687090 - time (sec): 148.50 - samples/sec: 2237.15 - lr: 0.100000
2023-05-01 04:20:15,094 epoch 15 - iter 595/1199 - loss 0.13727958 - time (sec): 186.85 - samples/sec: 2224.03 - lr: 0.100000
2023-05-01 04:20:51,430 epoch 15 - iter 714/1199 - loss 0.13785948 - time (sec): 223.19 - samples/sec: 2234.58 - lr: 0.100000
2023-05-01 04:21:28,266 epoch 15 - iter 833/1199 - loss 0.13781831 - time (sec): 260.02 - samples/sec: 2236.81 - lr: 0.100000
2023-05-01 04:22:06,445 epoch 15 - iter 952/1199 - loss 0.13760699 - time (sec): 298.20 - samples/sec: 2233.98 - lr: 0.100000
2023-05-01 04:22:44,348 epoch 15 - iter 1071/1199 - loss 0.13727279 - time (sec): 336.11 - samples/sec: 2229.84 - lr: 0.100000
2023-05-01 04:23:22,511 epoch 15 - iter 1190/1199 - loss 0.13730197 - time (sec): 374.27 - samples/sec: 2225.63 - lr: 0.100000
2023-05-01 04:23:25,598 ----------------------------------------------------------------------------------------------------
2023-05-01 04:23:25,598 EPOCH 15 done: loss 0.1374 - lr 0.100000
2023-05-01 04:23:47,717 Evaluating as a multi-label problem: False
2023-05-01 04:23:47,816 DEV : loss 0.08778213709592819 - f1-score (micro avg)  0.8118
2023-05-01 04:23:48,022 BAD EPOCHS (no improvement): 0
2023-05-01 04:23:48,023 saving best model
2023-05-01 04:23:48,813 ----------------------------------------------------------------------------------------------------
2023-05-01 04:24:27,631 epoch 16 - iter 119/1199 - loss 0.13904842 - time (sec): 38.82 - samples/sec: 2144.82 - lr: 0.100000
2023-05-01 04:25:04,999 epoch 16 - iter 238/1199 - loss 0.13516855 - time (sec): 76.18 - samples/sec: 2186.84 - lr: 0.100000
2023-05-01 04:25:44,401 epoch 16 - iter 357/1199 - loss 0.13470577 - time (sec): 115.59 - samples/sec: 2162.99 - lr: 0.100000
2023-05-01 04:26:22,411 epoch 16 - iter 476/1199 - loss 0.13407191 - time (sec): 153.60 - samples/sec: 2169.01 - lr: 0.100000
2023-05-01 04:26:59,862 epoch 16 - iter 595/1199 - loss 0.13494285 - time (sec): 191.05 - samples/sec: 2181.67 - lr: 0.100000
2023-05-01 04:27:37,036 epoch 16 - iter 714/1199 - loss 0.13464871 - time (sec): 228.22 - samples/sec: 2191.01 - lr: 0.100000
2023-05-01 04:28:14,835 epoch 16 - iter 833/1199 - loss 0.13471796 - time (sec): 266.02 - samples/sec: 2191.02 - lr: 0.100000
2023-05-01 04:28:51,775 epoch 16 - iter 952/1199 - loss 0.13455024 - time (sec): 302.96 - samples/sec: 2199.98 - lr: 0.100000
2023-05-01 04:29:29,246 epoch 16 - iter 1071/1199 - loss 0.13478043 - time (sec): 340.43 - samples/sec: 2203.23 - lr: 0.100000
2023-05-01 04:30:07,959 epoch 16 - iter 1190/1199 - loss 0.13494074 - time (sec): 379.14 - samples/sec: 2197.58 - lr: 0.100000
2023-05-01 04:30:10,830 ----------------------------------------------------------------------------------------------------
2023-05-01 04:30:10,831 EPOCH 16 done: loss 0.1350 - lr 0.100000
2023-05-01 04:30:30,613 Evaluating as a multi-label problem: False
2023-05-01 04:30:30,730 DEV : loss 0.08680459856987 - f1-score (micro avg)  0.8133
2023-05-01 04:30:30,937 BAD EPOCHS (no improvement): 0
2023-05-01 04:30:30,939 saving best model
2023-05-01 04:30:31,660 ----------------------------------------------------------------------------------------------------
2023-05-01 04:31:09,366 epoch 17 - iter 119/1199 - loss 0.13531896 - time (sec): 37.71 - samples/sec: 2217.85 - lr: 0.100000
2023-05-01 04:31:48,206 epoch 17 - iter 238/1199 - loss 0.13575162 - time (sec): 76.55 - samples/sec: 2181.02 - lr: 0.100000
2023-05-01 04:32:28,556 epoch 17 - iter 357/1199 - loss 0.13539936 - time (sec): 116.89 - samples/sec: 2149.36 - lr: 0.100000
2023-05-01 04:33:05,883 epoch 17 - iter 476/1199 - loss 0.13478437 - time (sec): 154.22 - samples/sec: 2169.46 - lr: 0.100000
2023-05-01 04:33:45,718 epoch 17 - iter 595/1199 - loss 0.13565609 - time (sec): 194.06 - samples/sec: 2154.22 - lr: 0.100000
2023-05-01 04:34:23,648 epoch 17 - iter 714/1199 - loss 0.13592454 - time (sec): 231.99 - samples/sec: 2160.17 - lr: 0.100000
2023-05-01 04:35:03,124 epoch 17 - iter 833/1199 - loss 0.13516207 - time (sec): 271.46 - samples/sec: 2152.16 - lr: 0.100000
2023-05-01 04:35:41,422 epoch 17 - iter 952/1199 - loss 0.13514109 - time (sec): 309.76 - samples/sec: 2155.17 - lr: 0.100000
2023-05-01 04:36:18,993 epoch 17 - iter 1071/1199 - loss 0.13542987 - time (sec): 347.33 - samples/sec: 2160.38 - lr: 0.100000
2023-05-01 04:36:57,724 epoch 17 - iter 1190/1199 - loss 0.13492216 - time (sec): 386.06 - samples/sec: 2157.85 - lr: 0.100000
2023-05-01 04:37:00,523 ----------------------------------------------------------------------------------------------------
2023-05-01 04:37:00,523 EPOCH 17 done: loss 0.1350 - lr 0.100000
2023-05-01 04:37:22,200 Evaluating as a multi-label problem: False
2023-05-01 04:37:22,298 DEV : loss 0.08726047724485397 - f1-score (micro avg)  0.8124
2023-05-01 04:37:22,499 BAD EPOCHS (no improvement): 1
2023-05-01 04:37:22,501 ----------------------------------------------------------------------------------------------------
2023-05-01 04:38:00,225 epoch 18 - iter 119/1199 - loss 0.13760739 - time (sec): 37.72 - samples/sec: 2199.48 - lr: 0.100000
2023-05-01 04:38:38,621 epoch 18 - iter 238/1199 - loss 0.13453656 - time (sec): 76.12 - samples/sec: 2184.87 - lr: 0.100000
2023-05-01 04:39:17,972 epoch 18 - iter 357/1199 - loss 0.13344340 - time (sec): 115.47 - samples/sec: 2158.02 - lr: 0.100000
2023-05-01 04:39:56,936 epoch 18 - iter 476/1199 - loss 0.13326396 - time (sec): 154.43 - samples/sec: 2153.47 - lr: 0.100000
2023-05-01 04:40:36,778 epoch 18 - iter 595/1199 - loss 0.13330686 - time (sec): 194.28 - samples/sec: 2142.23 - lr: 0.100000
2023-05-01 04:41:16,869 epoch 18 - iter 714/1199 - loss 0.13395114 - time (sec): 234.37 - samples/sec: 2134.74 - lr: 0.100000
2023-05-01 04:41:55,081 epoch 18 - iter 833/1199 - loss 0.13430302 - time (sec): 272.58 - samples/sec: 2142.88 - lr: 0.100000
2023-05-01 04:42:32,481 epoch 18 - iter 952/1199 - loss 0.13392054 - time (sec): 309.98 - samples/sec: 2151.20 - lr: 0.100000
2023-05-01 04:43:11,243 epoch 18 - iter 1071/1199 - loss 0.13361208 - time (sec): 348.74 - samples/sec: 2149.34 - lr: 0.100000
2023-05-01 04:43:48,253 epoch 18 - iter 1190/1199 - loss 0.13380995 - time (sec): 385.75 - samples/sec: 2160.20 - lr: 0.100000
2023-05-01 04:43:50,801 ----------------------------------------------------------------------------------------------------
2023-05-01 04:43:50,802 EPOCH 18 done: loss 0.1339 - lr 0.100000
2023-05-01 04:44:10,437 Evaluating as a multi-label problem: False
2023-05-01 04:44:10,539 DEV : loss 0.08656586706638336 - f1-score (micro avg)  0.8142
2023-05-01 04:44:10,749 BAD EPOCHS (no improvement): 0
2023-05-01 04:44:10,751 saving best model
2023-05-01 04:44:11,473 ----------------------------------------------------------------------------------------------------
2023-05-01 04:44:49,635 epoch 19 - iter 119/1199 - loss 0.13449096 - time (sec): 38.16 - samples/sec: 2207.42 - lr: 0.100000
2023-05-01 04:45:26,399 epoch 19 - iter 238/1199 - loss 0.13397445 - time (sec): 74.92 - samples/sec: 2236.01 - lr: 0.100000
2023-05-01 04:46:03,220 epoch 19 - iter 357/1199 - loss 0.13247321 - time (sec): 111.75 - samples/sec: 2243.07 - lr: 0.100000
2023-05-01 04:46:41,632 epoch 19 - iter 476/1199 - loss 0.13265089 - time (sec): 150.16 - samples/sec: 2223.79 - lr: 0.100000
2023-05-01 04:47:19,087 epoch 19 - iter 595/1199 - loss 0.13277050 - time (sec): 187.61 - samples/sec: 2221.68 - lr: 0.100000
2023-05-01 04:47:56,575 epoch 19 - iter 714/1199 - loss 0.13312064 - time (sec): 225.10 - samples/sec: 2222.41 - lr: 0.100000
2023-05-01 04:48:34,342 epoch 19 - iter 833/1199 - loss 0.13258444 - time (sec): 262.87 - samples/sec: 2219.21 - lr: 0.100000
2023-05-01 04:49:13,370 epoch 19 - iter 952/1199 - loss 0.13277926 - time (sec): 301.90 - samples/sec: 2207.78 - lr: 0.100000
2023-05-01 04:49:52,858 epoch 19 - iter 1071/1199 - loss 0.13341977 - time (sec): 341.38 - samples/sec: 2198.00 - lr: 0.100000
2023-05-01 04:50:30,730 epoch 19 - iter 1190/1199 - loss 0.13371973 - time (sec): 379.26 - samples/sec: 2196.48 - lr: 0.100000
2023-05-01 04:50:33,814 ----------------------------------------------------------------------------------------------------
2023-05-01 04:50:33,816 EPOCH 19 done: loss 0.1338 - lr 0.100000
2023-05-01 04:50:53,720 Evaluating as a multi-label problem: False
2023-05-01 04:50:53,838 DEV : loss 0.08464303612709045 - f1-score (micro avg)  0.8129
2023-05-01 04:50:54,051 BAD EPOCHS (no improvement): 1
2023-05-01 04:50:54,053 ----------------------------------------------------------------------------------------------------
2023-05-01 04:51:33,493 epoch 20 - iter 119/1199 - loss 0.13385157 - time (sec): 39.44 - samples/sec: 2146.51 - lr: 0.100000
2023-05-01 04:52:10,597 epoch 20 - iter 238/1199 - loss 0.13401542 - time (sec): 76.54 - samples/sec: 2181.50 - lr: 0.100000
2023-05-01 04:52:47,996 epoch 20 - iter 357/1199 - loss 0.13177196 - time (sec): 113.94 - samples/sec: 2191.82 - lr: 0.100000
2023-05-01 04:53:25,740 epoch 20 - iter 476/1199 - loss 0.13306217 - time (sec): 151.69 - samples/sec: 2187.27 - lr: 0.100000
2023-05-01 04:54:03,100 epoch 20 - iter 595/1199 - loss 0.13277004 - time (sec): 189.05 - samples/sec: 2196.43 - lr: 0.100000
2023-05-01 04:54:41,987 epoch 20 - iter 714/1199 - loss 0.13256842 - time (sec): 227.93 - samples/sec: 2184.60 - lr: 0.100000
2023-05-01 04:55:19,805 epoch 20 - iter 833/1199 - loss 0.13243594 - time (sec): 265.75 - samples/sec: 2188.83 - lr: 0.100000
2023-05-01 04:55:57,518 epoch 20 - iter 952/1199 - loss 0.13222836 - time (sec): 303.46 - samples/sec: 2191.59 - lr: 0.100000
2023-05-01 04:56:34,175 epoch 20 - iter 1071/1199 - loss 0.13191931 - time (sec): 340.12 - samples/sec: 2202.10 - lr: 0.100000
2023-05-01 04:57:11,092 epoch 20 - iter 1190/1199 - loss 0.13247333 - time (sec): 377.04 - samples/sec: 2209.25 - lr: 0.100000
2023-05-01 04:57:14,620 ----------------------------------------------------------------------------------------------------
2023-05-01 04:57:14,621 EPOCH 20 done: loss 0.1325 - lr 0.100000
2023-05-01 04:57:36,878 Evaluating as a multi-label problem: False
2023-05-01 04:57:36,977 DEV : loss 0.08483118563890457 - f1-score (micro avg)  0.8172
2023-05-01 04:57:37,180 BAD EPOCHS (no improvement): 0
2023-05-01 04:57:37,197 saving best model
2023-05-01 04:57:38,007 ----------------------------------------------------------------------------------------------------
2023-05-01 04:58:16,954 epoch 21 - iter 119/1199 - loss 0.13713257 - time (sec): 38.95 - samples/sec: 2146.51 - lr: 0.100000
2023-05-01 04:58:55,575 epoch 21 - iter 238/1199 - loss 0.13553545 - time (sec): 77.57 - samples/sec: 2151.43 - lr: 0.100000
2023-05-01 04:59:34,351 epoch 21 - iter 357/1199 - loss 0.13524187 - time (sec): 116.34 - samples/sec: 2149.95 - lr: 0.100000
2023-05-01 05:00:12,268 epoch 21 - iter 476/1199 - loss 0.13488779 - time (sec): 154.26 - samples/sec: 2160.85 - lr: 0.100000
2023-05-01 05:00:50,616 epoch 21 - iter 595/1199 - loss 0.13406938 - time (sec): 192.61 - samples/sec: 2161.89 - lr: 0.100000
2023-05-01 05:01:29,051 epoch 21 - iter 714/1199 - loss 0.13304738 - time (sec): 231.04 - samples/sec: 2163.20 - lr: 0.100000
2023-05-01 05:02:07,004 epoch 21 - iter 833/1199 - loss 0.13299542 - time (sec): 269.00 - samples/sec: 2167.81 - lr: 0.100000
2023-05-01 05:02:44,316 epoch 21 - iter 952/1199 - loss 0.13302710 - time (sec): 306.31 - samples/sec: 2175.35 - lr: 0.100000
2023-05-01 05:03:21,169 epoch 21 - iter 1071/1199 - loss 0.13289804 - time (sec): 343.16 - samples/sec: 2183.91 - lr: 0.100000
2023-05-01 05:04:02,012 epoch 21 - iter 1190/1199 - loss 0.13297949 - time (sec): 384.00 - samples/sec: 2169.45 - lr: 0.100000
2023-05-01 05:04:04,981 ----------------------------------------------------------------------------------------------------
2023-05-01 05:04:04,982 EPOCH 21 done: loss 0.1328 - lr 0.100000
2023-05-01 05:04:25,726 Evaluating as a multi-label problem: False
2023-05-01 05:04:25,825 DEV : loss 0.0853564664721489 - f1-score (micro avg)  0.8171
2023-05-01 05:04:26,043 BAD EPOCHS (no improvement): 1
2023-05-01 05:04:26,044 ----------------------------------------------------------------------------------------------------
2023-05-01 05:05:08,059 epoch 22 - iter 119/1199 - loss 0.13137327 - time (sec): 42.01 - samples/sec: 2001.86 - lr: 0.100000
2023-05-01 05:05:46,765 epoch 22 - iter 238/1199 - loss 0.13399250 - time (sec): 80.72 - samples/sec: 2064.64 - lr: 0.100000
2023-05-01 05:06:26,065 epoch 22 - iter 357/1199 - loss 0.13240949 - time (sec): 120.02 - samples/sec: 2087.92 - lr: 0.100000
2023-05-01 05:07:04,232 epoch 22 - iter 476/1199 - loss 0.13157305 - time (sec): 158.19 - samples/sec: 2106.37 - lr: 0.100000
2023-05-01 05:07:42,882 epoch 22 - iter 595/1199 - loss 0.13130513 - time (sec): 196.84 - samples/sec: 2115.77 - lr: 0.100000
2023-05-01 05:08:18,996 epoch 22 - iter 714/1199 - loss 0.13146949 - time (sec): 232.95 - samples/sec: 2142.39 - lr: 0.100000
2023-05-01 05:08:57,186 epoch 22 - iter 833/1199 - loss 0.13192333 - time (sec): 271.14 - samples/sec: 2149.24 - lr: 0.100000
2023-05-01 05:09:35,201 epoch 22 - iter 952/1199 - loss 0.13205335 - time (sec): 309.16 - samples/sec: 2154.99 - lr: 0.100000
2023-05-01 05:10:12,188 epoch 22 - iter 1071/1199 - loss 0.13235127 - time (sec): 346.14 - samples/sec: 2165.36 - lr: 0.100000
2023-05-01 05:10:49,330 epoch 22 - iter 1190/1199 - loss 0.13213154 - time (sec): 383.29 - samples/sec: 2173.28 - lr: 0.100000
2023-05-01 05:10:52,189 ----------------------------------------------------------------------------------------------------
2023-05-01 05:10:52,190 EPOCH 22 done: loss 0.1322 - lr 0.100000
2023-05-01 05:11:11,586 Evaluating as a multi-label problem: False
2023-05-01 05:11:11,684 DEV : loss 0.08613189309835434 - f1-score (micro avg)  0.8155
2023-05-01 05:11:11,893 BAD EPOCHS (no improvement): 2
2023-05-01 05:11:11,894 ----------------------------------------------------------------------------------------------------
2023-05-01 05:11:48,219 epoch 23 - iter 119/1199 - loss 0.13166044 - time (sec): 36.32 - samples/sec: 2262.11 - lr: 0.100000
2023-05-01 05:12:25,199 epoch 23 - iter 238/1199 - loss 0.13135095 - time (sec): 73.30 - samples/sec: 2253.91 - lr: 0.100000
2023-05-01 05:13:02,271 epoch 23 - iter 357/1199 - loss 0.13012679 - time (sec): 110.38 - samples/sec: 2251.45 - lr: 0.100000
2023-05-01 05:13:39,570 epoch 23 - iter 476/1199 - loss 0.13085514 - time (sec): 147.67 - samples/sec: 2248.85 - lr: 0.100000
2023-05-01 05:14:16,391 epoch 23 - iter 595/1199 - loss 0.13005217 - time (sec): 184.50 - samples/sec: 2255.31 - lr: 0.100000
2023-05-01 05:14:54,567 epoch 23 - iter 714/1199 - loss 0.13074711 - time (sec): 222.67 - samples/sec: 2246.22 - lr: 0.100000
2023-05-01 05:15:30,388 epoch 23 - iter 833/1199 - loss 0.13093234 - time (sec): 258.49 - samples/sec: 2255.65 - lr: 0.100000
2023-05-01 05:16:10,163 epoch 23 - iter 952/1199 - loss 0.13131304 - time (sec): 298.27 - samples/sec: 2236.09 - lr: 0.100000
2023-05-01 05:16:47,985 epoch 23 - iter 1071/1199 - loss 0.13144119 - time (sec): 336.09 - samples/sec: 2231.47 - lr: 0.100000
2023-05-01 05:17:25,507 epoch 23 - iter 1190/1199 - loss 0.13188188 - time (sec): 373.61 - samples/sec: 2230.48 - lr: 0.100000
2023-05-01 05:17:28,050 ----------------------------------------------------------------------------------------------------
2023-05-01 05:17:28,051 EPOCH 23 done: loss 0.1319 - lr 0.100000
2023-05-01 05:17:50,048 Evaluating as a multi-label problem: False
2023-05-01 05:17:50,149 DEV : loss 0.08582718670368195 - f1-score (micro avg)  0.8172
2023-05-01 05:17:50,353 BAD EPOCHS (no improvement): 3
2023-05-01 05:17:50,355 ----------------------------------------------------------------------------------------------------
2023-05-01 05:18:26,975 epoch 24 - iter 119/1199 - loss 0.13045105 - time (sec): 36.62 - samples/sec: 2284.07 - lr: 0.100000
2023-05-01 05:19:03,846 epoch 24 - iter 238/1199 - loss 0.12943155 - time (sec): 73.49 - samples/sec: 2277.22 - lr: 0.100000
2023-05-01 05:19:41,286 epoch 24 - iter 357/1199 - loss 0.12833346 - time (sec): 110.93 - samples/sec: 2261.40 - lr: 0.100000
2023-05-01 05:20:17,553 epoch 24 - iter 476/1199 - loss 0.13008346 - time (sec): 147.20 - samples/sec: 2269.07 - lr: 0.100000
2023-05-01 05:20:55,850 epoch 24 - iter 595/1199 - loss 0.13026976 - time (sec): 185.49 - samples/sec: 2250.61 - lr: 0.100000
2023-05-01 05:21:32,431 epoch 24 - iter 714/1199 - loss 0.13056566 - time (sec): 222.07 - samples/sec: 2256.58 - lr: 0.100000
2023-05-01 05:22:08,104 epoch 24 - iter 833/1199 - loss 0.13050169 - time (sec): 257.75 - samples/sec: 2266.47 - lr: 0.100000
2023-05-01 05:22:45,028 epoch 24 - iter 952/1199 - loss 0.13042081 - time (sec): 294.67 - samples/sec: 2264.54 - lr: 0.100000
2023-05-01 05:23:22,169 epoch 24 - iter 1071/1199 - loss 0.13033581 - time (sec): 331.81 - samples/sec: 2258.65 - lr: 0.100000
2023-05-01 05:23:58,383 epoch 24 - iter 1190/1199 - loss 0.13092990 - time (sec): 368.03 - samples/sec: 2263.66 - lr: 0.100000
2023-05-01 05:24:00,978 ----------------------------------------------------------------------------------------------------
2023-05-01 05:24:00,978 EPOCH 24 done: loss 0.1308 - lr 0.100000
2023-05-01 05:24:20,248 Evaluating as a multi-label problem: False
2023-05-01 05:24:20,351 DEV : loss 0.0866675153374672 - f1-score (micro avg)  0.8131
2023-05-01 05:24:20,560 Epoch    24: reducing learning rate of group 0 to 5.0000e-02.
2023-05-01 05:24:20,561 BAD EPOCHS (no improvement): 4
2023-05-01 05:24:20,562 ----------------------------------------------------------------------------------------------------
2023-05-01 05:24:57,258 epoch 25 - iter 119/1199 - loss 0.12725288 - time (sec): 36.69 - samples/sec: 2262.08 - lr: 0.050000
2023-05-01 05:25:34,853 epoch 25 - iter 238/1199 - loss 0.12554624 - time (sec): 74.29 - samples/sec: 2245.61 - lr: 0.050000
2023-05-01 05:26:10,971 epoch 25 - iter 357/1199 - loss 0.12636700 - time (sec): 110.41 - samples/sec: 2269.20 - lr: 0.050000
2023-05-01 05:26:47,403 epoch 25 - iter 476/1199 - loss 0.12580924 - time (sec): 146.84 - samples/sec: 2267.96 - lr: 0.050000
2023-05-01 05:27:24,116 epoch 25 - iter 595/1199 - loss 0.12632999 - time (sec): 183.55 - samples/sec: 2271.52 - lr: 0.050000
2023-05-01 05:28:00,744 epoch 25 - iter 714/1199 - loss 0.12575265 - time (sec): 220.18 - samples/sec: 2271.58 - lr: 0.050000
2023-05-01 05:28:38,589 epoch 25 - iter 833/1199 - loss 0.12630927 - time (sec): 258.03 - samples/sec: 2259.00 - lr: 0.050000
2023-05-01 05:29:15,205 epoch 25 - iter 952/1199 - loss 0.12619463 - time (sec): 294.64 - samples/sec: 2260.94 - lr: 0.050000
2023-05-01 05:29:52,835 epoch 25 - iter 1071/1199 - loss 0.12623304 - time (sec): 332.27 - samples/sec: 2256.32 - lr: 0.050000
2023-05-01 05:30:30,003 epoch 25 - iter 1190/1199 - loss 0.12601592 - time (sec): 369.44 - samples/sec: 2254.67 - lr: 0.050000
2023-05-01 05:30:32,976 ----------------------------------------------------------------------------------------------------
2023-05-01 05:30:32,977 EPOCH 25 done: loss 0.1259 - lr 0.050000
2023-05-01 05:30:55,128 Evaluating as a multi-label problem: False
2023-05-01 05:30:55,237 DEV : loss 0.08312270045280457 - f1-score (micro avg)  0.8197
2023-05-01 05:30:55,519 BAD EPOCHS (no improvement): 0
2023-05-01 05:30:55,521 saving best model
2023-05-01 05:30:56,325 ----------------------------------------------------------------------------------------------------
2023-05-01 05:31:32,690 epoch 26 - iter 119/1199 - loss 0.12381282 - time (sec): 36.36 - samples/sec: 2290.03 - lr: 0.050000
2023-05-01 05:32:09,586 epoch 26 - iter 238/1199 - loss 0.12301837 - time (sec): 73.26 - samples/sec: 2267.73 - lr: 0.050000
2023-05-01 05:32:45,860 epoch 26 - iter 357/1199 - loss 0.12238023 - time (sec): 109.53 - samples/sec: 2276.08 - lr: 0.050000
2023-05-01 05:33:23,461 epoch 26 - iter 476/1199 - loss 0.12316582 - time (sec): 147.13 - samples/sec: 2254.95 - lr: 0.050000
2023-05-01 05:34:01,424 epoch 26 - iter 595/1199 - loss 0.12346965 - time (sec): 185.10 - samples/sec: 2244.85 - lr: 0.050000
2023-05-01 05:34:38,212 epoch 26 - iter 714/1199 - loss 0.12358658 - time (sec): 221.89 - samples/sec: 2248.21 - lr: 0.050000
2023-05-01 05:35:16,028 epoch 26 - iter 833/1199 - loss 0.12340462 - time (sec): 259.70 - samples/sec: 2243.63 - lr: 0.050000
2023-05-01 05:35:52,769 epoch 26 - iter 952/1199 - loss 0.12429017 - time (sec): 296.44 - samples/sec: 2246.55 - lr: 0.050000
2023-05-01 05:36:30,916 epoch 26 - iter 1071/1199 - loss 0.12385503 - time (sec): 334.59 - samples/sec: 2242.47 - lr: 0.050000
2023-05-01 05:37:07,115 epoch 26 - iter 1190/1199 - loss 0.12400689 - time (sec): 370.79 - samples/sec: 2247.02 - lr: 0.050000
2023-05-01 05:37:09,703 ----------------------------------------------------------------------------------------------------
2023-05-01 05:37:09,704 EPOCH 26 done: loss 0.1239 - lr 0.050000
2023-05-01 05:37:29,140 Evaluating as a multi-label problem: False
2023-05-01 05:37:29,245 DEV : loss 0.08219078183174133 - f1-score (micro avg)  0.8198
2023-05-01 05:37:29,535 BAD EPOCHS (no improvement): 0
2023-05-01 05:37:29,537 saving best model
2023-05-01 05:37:30,255 ----------------------------------------------------------------------------------------------------
2023-05-01 05:38:06,584 epoch 27 - iter 119/1199 - loss 0.12135410 - time (sec): 36.33 - samples/sec: 2274.23 - lr: 0.050000
2023-05-01 05:38:43,326 epoch 27 - iter 238/1199 - loss 0.12117699 - time (sec): 73.07 - samples/sec: 2279.11 - lr: 0.050000
2023-05-01 05:39:19,607 epoch 27 - iter 357/1199 - loss 0.12180770 - time (sec): 109.35 - samples/sec: 2281.49 - lr: 0.050000
2023-05-01 05:39:54,383 epoch 27 - iter 476/1199 - loss 0.12192489 - time (sec): 144.13 - samples/sec: 2309.78 - lr: 0.050000
2023-05-01 05:40:28,081 epoch 27 - iter 595/1199 - loss 0.12193897 - time (sec): 177.83 - samples/sec: 2342.76 - lr: 0.050000
2023-05-01 05:41:01,401 epoch 27 - iter 714/1199 - loss 0.12258972 - time (sec): 211.14 - samples/sec: 2369.90 - lr: 0.050000
2023-05-01 05:41:37,032 epoch 27 - iter 833/1199 - loss 0.12234987 - time (sec): 246.78 - samples/sec: 2362.36 - lr: 0.050000
2023-05-01 05:42:12,455 epoch 27 - iter 952/1199 - loss 0.12229672 - time (sec): 282.20 - samples/sec: 2359.46 - lr: 0.050000
2023-05-01 05:42:49,543 epoch 27 - iter 1071/1199 - loss 0.12221077 - time (sec): 319.29 - samples/sec: 2347.56 - lr: 0.050000
2023-05-01 05:43:25,028 epoch 27 - iter 1190/1199 - loss 0.12231488 - time (sec): 354.77 - samples/sec: 2347.82 - lr: 0.050000
2023-05-01 05:43:27,728 ----------------------------------------------------------------------------------------------------
2023-05-01 05:43:27,728 EPOCH 27 done: loss 0.1223 - lr 0.050000
2023-05-01 05:43:45,431 Evaluating as a multi-label problem: False
2023-05-01 05:43:45,516 DEV : loss 0.08259526640176773 - f1-score (micro avg)  0.8201
2023-05-01 05:43:45,692 BAD EPOCHS (no improvement): 0
2023-05-01 05:43:45,694 saving best model
2023-05-01 05:43:46,353 ----------------------------------------------------------------------------------------------------
2023-05-01 05:44:19,999 epoch 28 - iter 119/1199 - loss 0.12270053 - time (sec): 33.65 - samples/sec: 2454.43 - lr: 0.050000
2023-05-01 05:44:53,756 epoch 28 - iter 238/1199 - loss 0.12300244 - time (sec): 67.40 - samples/sec: 2467.71 - lr: 0.050000
2023-05-01 05:45:27,952 epoch 28 - iter 357/1199 - loss 0.12324068 - time (sec): 101.60 - samples/sec: 2461.85 - lr: 0.050000
2023-05-01 05:46:02,317 epoch 28 - iter 476/1199 - loss 0.12356779 - time (sec): 135.96 - samples/sec: 2452.00 - lr: 0.050000
2023-05-01 05:46:35,989 epoch 28 - iter 595/1199 - loss 0.12231270 - time (sec): 169.64 - samples/sec: 2456.85 - lr: 0.050000
2023-05-01 05:47:10,062 epoch 28 - iter 714/1199 - loss 0.12201316 - time (sec): 203.71 - samples/sec: 2455.75 - lr: 0.050000
2023-05-01 05:47:44,104 epoch 28 - iter 833/1199 - loss 0.12194894 - time (sec): 237.75 - samples/sec: 2453.47 - lr: 0.050000
2023-05-01 05:48:18,304 epoch 28 - iter 952/1199 - loss 0.12247609 - time (sec): 271.95 - samples/sec: 2452.05 - lr: 0.050000
2023-05-01 05:48:51,617 epoch 28 - iter 1071/1199 - loss 0.12219665 - time (sec): 305.26 - samples/sec: 2454.39 - lr: 0.050000
2023-05-01 05:49:25,097 epoch 28 - iter 1190/1199 - loss 0.12228011 - time (sec): 338.74 - samples/sec: 2459.30 - lr: 0.050000
2023-05-01 05:49:27,475 ----------------------------------------------------------------------------------------------------
2023-05-01 05:49:27,476 EPOCH 28 done: loss 0.1222 - lr 0.050000
2023-05-01 05:49:47,862 Evaluating as a multi-label problem: False
2023-05-01 05:49:47,945 DEV : loss 0.08097265660762787 - f1-score (micro avg)  0.8221
2023-05-01 05:49:48,125 BAD EPOCHS (no improvement): 0
2023-05-01 05:49:48,127 saving best model
2023-05-01 05:49:48,787 ----------------------------------------------------------------------------------------------------
2023-05-01 05:50:22,387 epoch 29 - iter 119/1199 - loss 0.12081853 - time (sec): 33.60 - samples/sec: 2456.42 - lr: 0.050000
2023-05-01 05:50:56,745 epoch 29 - iter 238/1199 - loss 0.12150618 - time (sec): 67.96 - samples/sec: 2437.01 - lr: 0.050000
2023-05-01 05:51:30,936 epoch 29 - iter 357/1199 - loss 0.12165636 - time (sec): 102.15 - samples/sec: 2434.80 - lr: 0.050000
2023-05-01 05:52:05,078 epoch 29 - iter 476/1199 - loss 0.12151598 - time (sec): 136.29 - samples/sec: 2439.91 - lr: 0.050000
2023-05-01 05:52:39,616 epoch 29 - iter 595/1199 - loss 0.12152526 - time (sec): 170.83 - samples/sec: 2435.18 - lr: 0.050000
2023-05-01 05:53:14,200 epoch 29 - iter 714/1199 - loss 0.12204830 - time (sec): 205.41 - samples/sec: 2430.76 - lr: 0.050000
2023-05-01 05:53:48,868 epoch 29 - iter 833/1199 - loss 0.12181229 - time (sec): 240.08 - samples/sec: 2428.53 - lr: 0.050000
2023-05-01 05:54:23,269 epoch 29 - iter 952/1199 - loss 0.12165727 - time (sec): 274.48 - samples/sec: 2428.16 - lr: 0.050000
2023-05-01 05:54:56,234 epoch 29 - iter 1071/1199 - loss 0.12174730 - time (sec): 307.45 - samples/sec: 2437.44 - lr: 0.050000
2023-05-01 05:55:30,474 epoch 29 - iter 1190/1199 - loss 0.12174687 - time (sec): 341.69 - samples/sec: 2438.36 - lr: 0.050000
2023-05-01 05:55:32,975 ----------------------------------------------------------------------------------------------------
2023-05-01 05:55:32,976 EPOCH 29 done: loss 0.1217 - lr 0.050000
2023-05-01 05:55:51,094 Evaluating as a multi-label problem: False
2023-05-01 05:55:51,178 DEV : loss 0.08189766108989716 - f1-score (micro avg)  0.8186
2023-05-01 05:55:51,351 BAD EPOCHS (no improvement): 1
2023-05-01 05:55:51,353 ----------------------------------------------------------------------------------------------------
2023-05-01 05:56:26,392 epoch 30 - iter 119/1199 - loss 0.11692239 - time (sec): 35.04 - samples/sec: 2377.16 - lr: 0.050000
2023-05-01 05:56:59,230 epoch 30 - iter 238/1199 - loss 0.11926966 - time (sec): 67.88 - samples/sec: 2449.08 - lr: 0.050000
2023-05-01 05:57:33,456 epoch 30 - iter 357/1199 - loss 0.12010752 - time (sec): 102.10 - samples/sec: 2447.75 - lr: 0.050000
2023-05-01 05:58:09,016 epoch 30 - iter 476/1199 - loss 0.12092992 - time (sec): 137.66 - samples/sec: 2426.27 - lr: 0.050000
2023-05-01 05:58:43,902 epoch 30 - iter 595/1199 - loss 0.12117030 - time (sec): 172.55 - samples/sec: 2417.32 - lr: 0.050000
2023-05-01 05:59:18,855 epoch 30 - iter 714/1199 - loss 0.12118962 - time (sec): 207.50 - samples/sec: 2409.17 - lr: 0.050000
2023-05-01 05:59:54,722 epoch 30 - iter 833/1199 - loss 0.12153976 - time (sec): 243.37 - samples/sec: 2397.28 - lr: 0.050000
2023-05-01 06:00:29,660 epoch 30 - iter 952/1199 - loss 0.12196577 - time (sec): 278.31 - samples/sec: 2395.12 - lr: 0.050000
2023-05-01 06:01:03,887 epoch 30 - iter 1071/1199 - loss 0.12133106 - time (sec): 312.53 - samples/sec: 2397.72 - lr: 0.050000
2023-05-01 06:01:38,473 epoch 30 - iter 1190/1199 - loss 0.12139536 - time (sec): 347.12 - samples/sec: 2400.54 - lr: 0.050000
2023-05-01 06:01:40,670 ----------------------------------------------------------------------------------------------------
2023-05-01 06:01:40,671 EPOCH 30 done: loss 0.1214 - lr 0.050000
2023-05-01 06:02:00,719 Evaluating as a multi-label problem: False
2023-05-01 06:02:00,805 DEV : loss 0.08139151334762573 - f1-score (micro avg)  0.8178
2023-05-01 06:02:00,981 BAD EPOCHS (no improvement): 2
2023-05-01 06:02:00,983 ----------------------------------------------------------------------------------------------------
2023-05-01 06:02:35,122 epoch 31 - iter 119/1199 - loss 0.12135983 - time (sec): 34.14 - samples/sec: 2444.07 - lr: 0.050000
2023-05-01 06:03:09,135 epoch 31 - iter 238/1199 - loss 0.12145240 - time (sec): 68.15 - samples/sec: 2440.14 - lr: 0.050000
2023-05-01 06:03:43,500 epoch 31 - iter 357/1199 - loss 0.12125698 - time (sec): 102.52 - samples/sec: 2430.92 - lr: 0.050000
2023-05-01 06:04:18,132 epoch 31 - iter 476/1199 - loss 0.12130039 - time (sec): 137.15 - samples/sec: 2422.17 - lr: 0.050000
2023-05-01 06:04:52,607 epoch 31 - iter 595/1199 - loss 0.12118232 - time (sec): 171.62 - samples/sec: 2424.63 - lr: 0.050000
2023-05-01 06:05:26,166 epoch 31 - iter 714/1199 - loss 0.12120542 - time (sec): 205.18 - samples/sec: 2428.94 - lr: 0.050000
2023-05-01 06:06:00,932 epoch 31 - iter 833/1199 - loss 0.12109521 - time (sec): 239.95 - samples/sec: 2426.89 - lr: 0.050000
2023-05-01 06:06:35,690 epoch 31 - iter 952/1199 - loss 0.12104705 - time (sec): 274.71 - samples/sec: 2425.12 - lr: 0.050000
2023-05-01 06:07:08,470 epoch 31 - iter 1071/1199 - loss 0.12086565 - time (sec): 307.49 - samples/sec: 2436.97 - lr: 0.050000
2023-05-01 06:07:42,585 epoch 31 - iter 1190/1199 - loss 0.12058455 - time (sec): 341.60 - samples/sec: 2438.92 - lr: 0.050000
2023-05-01 06:07:45,075 ----------------------------------------------------------------------------------------------------
2023-05-01 06:07:45,076 EPOCH 31 done: loss 0.1205 - lr 0.050000
2023-05-01 06:08:02,868 Evaluating as a multi-label problem: False
2023-05-01 06:08:02,953 DEV : loss 0.0814567431807518 - f1-score (micro avg)  0.8192
2023-05-01 06:08:03,134 BAD EPOCHS (no improvement): 3
2023-05-01 06:08:03,136 ----------------------------------------------------------------------------------------------------
2023-05-01 06:08:37,038 epoch 32 - iter 119/1199 - loss 0.11777746 - time (sec): 33.90 - samples/sec: 2455.32 - lr: 0.050000
2023-05-01 06:09:09,960 epoch 32 - iter 238/1199 - loss 0.12021940 - time (sec): 66.82 - samples/sec: 2475.82 - lr: 0.050000
2023-05-01 06:09:44,618 epoch 32 - iter 357/1199 - loss 0.12130474 - time (sec): 101.48 - samples/sec: 2447.91 - lr: 0.050000
2023-05-01 06:10:19,609 epoch 32 - iter 476/1199 - loss 0.12066090 - time (sec): 136.47 - samples/sec: 2431.10 - lr: 0.050000
2023-05-01 06:10:55,126 epoch 32 - iter 595/1199 - loss 0.12051273 - time (sec): 171.99 - samples/sec: 2416.31 - lr: 0.050000
2023-05-01 06:11:28,932 epoch 32 - iter 714/1199 - loss 0.12079048 - time (sec): 205.80 - samples/sec: 2425.66 - lr: 0.050000
2023-05-01 06:12:02,941 epoch 32 - iter 833/1199 - loss 0.12105061 - time (sec): 239.80 - samples/sec: 2428.19 - lr: 0.050000
2023-05-01 06:12:37,374 epoch 32 - iter 952/1199 - loss 0.12101613 - time (sec): 274.24 - samples/sec: 2426.20 - lr: 0.050000
2023-05-01 06:13:11,827 epoch 32 - iter 1071/1199 - loss 0.12120717 - time (sec): 308.69 - samples/sec: 2425.49 - lr: 0.050000
2023-05-01 06:13:46,681 epoch 32 - iter 1190/1199 - loss 0.12131432 - time (sec): 343.54 - samples/sec: 2424.70 - lr: 0.050000
2023-05-01 06:13:49,220 ----------------------------------------------------------------------------------------------------
2023-05-01 06:13:49,221 EPOCH 32 done: loss 0.1214 - lr 0.050000
2023-05-01 06:14:07,038 Evaluating as a multi-label problem: False
2023-05-01 06:14:07,123 DEV : loss 0.08060891926288605 - f1-score (micro avg)  0.8186
2023-05-01 06:14:07,306 Epoch    32: reducing learning rate of group 0 to 2.5000e-02.
2023-05-01 06:14:07,307 BAD EPOCHS (no improvement): 4
2023-05-01 06:14:07,309 ----------------------------------------------------------------------------------------------------
2023-05-01 06:14:41,496 epoch 33 - iter 119/1199 - loss 0.11789518 - time (sec): 34.19 - samples/sec: 2454.66 - lr: 0.025000
2023-05-01 06:15:15,877 epoch 33 - iter 238/1199 - loss 0.11764205 - time (sec): 68.57 - samples/sec: 2441.45 - lr: 0.025000
2023-05-01 06:15:48,917 epoch 33 - iter 357/1199 - loss 0.11811102 - time (sec): 101.61 - samples/sec: 2466.37 - lr: 0.025000
2023-05-01 06:16:21,861 epoch 33 - iter 476/1199 - loss 0.11778100 - time (sec): 134.55 - samples/sec: 2474.12 - lr: 0.025000
2023-05-01 06:16:56,861 epoch 33 - iter 595/1199 - loss 0.11810297 - time (sec): 169.55 - samples/sec: 2455.13 - lr: 0.025000
2023-05-01 06:17:31,522 epoch 33 - iter 714/1199 - loss 0.11791554 - time (sec): 204.21 - samples/sec: 2447.00 - lr: 0.025000
2023-05-01 06:18:06,609 epoch 33 - iter 833/1199 - loss 0.11837963 - time (sec): 239.30 - samples/sec: 2437.02 - lr: 0.025000
2023-05-01 06:18:41,425 epoch 33 - iter 952/1199 - loss 0.11809605 - time (sec): 274.11 - samples/sec: 2431.48 - lr: 0.025000
2023-05-01 06:19:14,762 epoch 33 - iter 1071/1199 - loss 0.11789630 - time (sec): 307.45 - samples/sec: 2438.02 - lr: 0.025000
2023-05-01 06:19:49,496 epoch 33 - iter 1190/1199 - loss 0.11799714 - time (sec): 342.19 - samples/sec: 2434.08 - lr: 0.025000
2023-05-01 06:19:52,279 ----------------------------------------------------------------------------------------------------
2023-05-01 06:19:52,280 EPOCH 33 done: loss 0.1180 - lr 0.025000
2023-05-01 06:20:12,458 Evaluating as a multi-label problem: False
2023-05-01 06:20:12,544 DEV : loss 0.08053375780582428 - f1-score (micro avg)  0.8192
2023-05-01 06:20:12,726 BAD EPOCHS (no improvement): 1
2023-05-01 06:20:12,729 ----------------------------------------------------------------------------------------------------
2023-05-01 06:20:47,855 epoch 34 - iter 119/1199 - loss 0.11891929 - time (sec): 35.12 - samples/sec: 2375.89 - lr: 0.025000
2023-05-01 06:21:21,868 epoch 34 - iter 238/1199 - loss 0.11721033 - time (sec): 69.14 - samples/sec: 2411.93 - lr: 0.025000
2023-05-01 06:21:55,190 epoch 34 - iter 357/1199 - loss 0.11693649 - time (sec): 102.46 - samples/sec: 2437.98 - lr: 0.025000
2023-05-01 06:22:27,987 epoch 34 - iter 476/1199 - loss 0.11683938 - time (sec): 135.26 - samples/sec: 2461.28 - lr: 0.025000
2023-05-01 06:23:02,187 epoch 34 - iter 595/1199 - loss 0.11744959 - time (sec): 169.46 - samples/sec: 2458.30 - lr: 0.025000
2023-05-01 06:23:35,777 epoch 34 - iter 714/1199 - loss 0.11757088 - time (sec): 203.05 - samples/sec: 2459.60 - lr: 0.025000
2023-05-01 06:24:09,074 epoch 34 - iter 833/1199 - loss 0.11771340 - time (sec): 236.34 - samples/sec: 2465.46 - lr: 0.025000
2023-05-01 06:24:43,669 epoch 34 - iter 952/1199 - loss 0.11779170 - time (sec): 270.94 - samples/sec: 2460.27 - lr: 0.025000
2023-05-01 06:25:17,905 epoch 34 - iter 1071/1199 - loss 0.11775496 - time (sec): 305.17 - samples/sec: 2458.21 - lr: 0.025000
2023-05-01 06:25:52,285 epoch 34 - iter 1190/1199 - loss 0.11737722 - time (sec): 339.55 - samples/sec: 2453.84 - lr: 0.025000
2023-05-01 06:25:54,662 ----------------------------------------------------------------------------------------------------
2023-05-01 06:25:54,663 EPOCH 34 done: loss 0.1173 - lr 0.025000
2023-05-01 06:26:12,569 Evaluating as a multi-label problem: False
2023-05-01 06:26:12,653 DEV : loss 0.080022893846035 - f1-score (micro avg)  0.821
2023-05-01 06:26:12,828 BAD EPOCHS (no improvement): 2
2023-05-01 06:26:12,830 ----------------------------------------------------------------------------------------------------
2023-05-01 06:26:48,093 epoch 35 - iter 119/1199 - loss 0.11534415 - time (sec): 35.26 - samples/sec: 2389.21 - lr: 0.025000
2023-05-01 06:27:22,553 epoch 35 - iter 238/1199 - loss 0.11690615 - time (sec): 69.72 - samples/sec: 2414.61 - lr: 0.025000
2023-05-01 06:27:55,283 epoch 35 - iter 357/1199 - loss 0.11602021 - time (sec): 102.45 - samples/sec: 2452.09 - lr: 0.025000
2023-05-01 06:28:28,680 epoch 35 - iter 476/1199 - loss 0.11633078 - time (sec): 135.85 - samples/sec: 2458.23 - lr: 0.025000
2023-05-01 06:29:02,768 epoch 35 - iter 595/1199 - loss 0.11653901 - time (sec): 169.94 - samples/sec: 2453.01 - lr: 0.025000
2023-05-01 06:29:37,191 epoch 35 - iter 714/1199 - loss 0.11673267 - time (sec): 204.36 - samples/sec: 2445.50 - lr: 0.025000
2023-05-01 06:30:12,008 epoch 35 - iter 833/1199 - loss 0.11695164 - time (sec): 239.18 - samples/sec: 2437.46 - lr: 0.025000
2023-05-01 06:30:46,997 epoch 35 - iter 952/1199 - loss 0.11665640 - time (sec): 274.17 - samples/sec: 2429.97 - lr: 0.025000
2023-05-01 06:31:22,525 epoch 35 - iter 1071/1199 - loss 0.11715957 - time (sec): 309.69 - samples/sec: 2422.02 - lr: 0.025000
2023-05-01 06:31:57,770 epoch 35 - iter 1190/1199 - loss 0.11718475 - time (sec): 344.94 - samples/sec: 2414.99 - lr: 0.025000
2023-05-01 06:32:00,470 ----------------------------------------------------------------------------------------------------
2023-05-01 06:32:00,471 EPOCH 35 done: loss 0.1171 - lr 0.025000
2023-05-01 06:32:21,435 Evaluating as a multi-label problem: False
2023-05-01 06:32:21,523 DEV : loss 0.0790078267455101 - f1-score (micro avg)  0.8239
2023-05-01 06:32:21,705 BAD EPOCHS (no improvement): 0
2023-05-01 06:32:21,707 saving best model
2023-05-01 06:32:22,491 ----------------------------------------------------------------------------------------------------
2023-05-01 06:32:57,374 epoch 36 - iter 119/1199 - loss 0.11709449 - time (sec): 34.88 - samples/sec: 2388.46 - lr: 0.025000
2023-05-01 06:33:31,794 epoch 36 - iter 238/1199 - loss 0.11704488 - time (sec): 69.30 - samples/sec: 2407.01 - lr: 0.025000
2023-05-01 06:34:06,702 epoch 36 - iter 357/1199 - loss 0.11662597 - time (sec): 104.21 - samples/sec: 2408.21 - lr: 0.025000
2023-05-01 06:34:41,790 epoch 36 - iter 476/1199 - loss 0.11664704 - time (sec): 139.30 - samples/sec: 2399.77 - lr: 0.025000
2023-05-01 06:35:15,779 epoch 36 - iter 595/1199 - loss 0.11652261 - time (sec): 173.29 - samples/sec: 2409.25 - lr: 0.025000
2023-05-01 06:35:51,026 epoch 36 - iter 714/1199 - loss 0.11631213 - time (sec): 208.53 - samples/sec: 2402.01 - lr: 0.025000
2023-05-01 06:36:25,977 epoch 36 - iter 833/1199 - loss 0.11696575 - time (sec): 243.49 - samples/sec: 2399.12 - lr: 0.025000
2023-05-01 06:37:00,481 epoch 36 - iter 952/1199 - loss 0.11750840 - time (sec): 277.99 - samples/sec: 2397.88 - lr: 0.025000
2023-05-01 06:37:36,091 epoch 36 - iter 1071/1199 - loss 0.11705393 - time (sec): 313.60 - samples/sec: 2391.54 - lr: 0.025000
2023-05-01 06:38:12,256 epoch 36 - iter 1190/1199 - loss 0.11697083 - time (sec): 349.76 - samples/sec: 2382.30 - lr: 0.025000
2023-05-01 06:38:14,596 ----------------------------------------------------------------------------------------------------
2023-05-01 06:38:14,597 EPOCH 36 done: loss 0.1169 - lr 0.025000
2023-05-01 06:38:32,503 Evaluating as a multi-label problem: False
2023-05-01 06:38:32,591 DEV : loss 0.07935180515050888 - f1-score (micro avg)  0.8199
2023-05-01 06:38:32,774 BAD EPOCHS (no improvement): 1
2023-05-01 06:38:32,776 ----------------------------------------------------------------------------------------------------
2023-05-01 06:39:07,303 epoch 37 - iter 119/1199 - loss 0.11465156 - time (sec): 34.53 - samples/sec: 2400.20 - lr: 0.025000
2023-05-01 06:39:43,926 epoch 37 - iter 238/1199 - loss 0.11609703 - time (sec): 71.15 - samples/sec: 2339.36 - lr: 0.025000
2023-05-01 06:40:17,373 epoch 37 - iter 357/1199 - loss 0.11567567 - time (sec): 104.60 - samples/sec: 2378.99 - lr: 0.025000
2023-05-01 06:40:51,044 epoch 37 - iter 476/1199 - loss 0.11545057 - time (sec): 138.27 - samples/sec: 2399.17 - lr: 0.025000
2023-05-01 06:41:25,317 epoch 37 - iter 595/1199 - loss 0.11555665 - time (sec): 172.54 - samples/sec: 2403.77 - lr: 0.025000
2023-05-01 06:41:59,168 epoch 37 - iter 714/1199 - loss 0.11634661 - time (sec): 206.39 - samples/sec: 2411.19 - lr: 0.025000
2023-05-01 06:42:34,519 epoch 37 - iter 833/1199 - loss 0.11669533 - time (sec): 241.74 - samples/sec: 2405.60 - lr: 0.025000
2023-05-01 06:43:08,797 epoch 37 - iter 952/1199 - loss 0.11678360 - time (sec): 276.02 - samples/sec: 2410.38 - lr: 0.025000
2023-05-01 06:43:44,673 epoch 37 - iter 1071/1199 - loss 0.11677588 - time (sec): 311.90 - samples/sec: 2403.19 - lr: 0.025000
2023-05-01 06:44:19,849 epoch 37 - iter 1190/1199 - loss 0.11703345 - time (sec): 347.07 - samples/sec: 2400.29 - lr: 0.025000
2023-05-01 06:44:22,304 ----------------------------------------------------------------------------------------------------
2023-05-01 06:44:22,305 EPOCH 37 done: loss 0.1170 - lr 0.025000
2023-05-01 06:44:40,772 Evaluating as a multi-label problem: False
2023-05-01 06:44:40,859 DEV : loss 0.07978545129299164 - f1-score (micro avg)  0.8212
2023-05-01 06:44:41,043 BAD EPOCHS (no improvement): 2
2023-05-01 06:44:41,045 ----------------------------------------------------------------------------------------------------
2023-05-01 06:45:15,784 epoch 38 - iter 119/1199 - loss 0.11386026 - time (sec): 34.74 - samples/sec: 2408.58 - lr: 0.025000
2023-05-01 06:45:51,101 epoch 38 - iter 238/1199 - loss 0.11449145 - time (sec): 70.05 - samples/sec: 2384.39 - lr: 0.025000
2023-05-01 06:46:26,495 epoch 38 - iter 357/1199 - loss 0.11437344 - time (sec): 105.45 - samples/sec: 2377.93 - lr: 0.025000
2023-05-01 06:47:02,295 epoch 38 - iter 476/1199 - loss 0.11470082 - time (sec): 141.25 - samples/sec: 2361.28 - lr: 0.025000
2023-05-01 06:47:37,483 epoch 38 - iter 595/1199 - loss 0.11544369 - time (sec): 176.44 - samples/sec: 2366.40 - lr: 0.025000
2023-05-01 06:48:11,005 epoch 38 - iter 714/1199 - loss 0.11591291 - time (sec): 209.96 - samples/sec: 2382.59 - lr: 0.025000
2023-05-01 06:48:44,685 epoch 38 - iter 833/1199 - loss 0.11556938 - time (sec): 243.64 - samples/sec: 2394.13 - lr: 0.025000
2023-05-01 06:49:19,429 epoch 38 - iter 952/1199 - loss 0.11554960 - time (sec): 278.38 - samples/sec: 2395.22 - lr: 0.025000
2023-05-01 06:49:54,407 epoch 38 - iter 1071/1199 - loss 0.11546056 - time (sec): 313.36 - samples/sec: 2392.44 - lr: 0.025000
2023-05-01 06:50:28,376 epoch 38 - iter 1190/1199 - loss 0.11566452 - time (sec): 347.33 - samples/sec: 2399.33 - lr: 0.025000
2023-05-01 06:50:30,946 ----------------------------------------------------------------------------------------------------
2023-05-01 06:50:30,947 EPOCH 38 done: loss 0.1157 - lr 0.025000
2023-05-01 06:50:51,305 Evaluating as a multi-label problem: False
2023-05-01 06:50:51,392 DEV : loss 0.07946295291185379 - f1-score (micro avg)  0.8204
2023-05-01 06:50:51,580 BAD EPOCHS (no improvement): 3
2023-05-01 06:50:51,582 ----------------------------------------------------------------------------------------------------
2023-05-01 06:51:26,607 epoch 39 - iter 119/1199 - loss 0.11466559 - time (sec): 35.02 - samples/sec: 2370.55 - lr: 0.025000
2023-05-01 06:52:03,063 epoch 39 - iter 238/1199 - loss 0.11312126 - time (sec): 71.48 - samples/sec: 2321.33 - lr: 0.025000
2023-05-01 06:52:39,135 epoch 39 - iter 357/1199 - loss 0.11467060 - time (sec): 107.55 - samples/sec: 2309.06 - lr: 0.025000
2023-05-01 06:53:14,976 epoch 39 - iter 476/1199 - loss 0.11515808 - time (sec): 143.39 - samples/sec: 2310.61 - lr: 0.025000
2023-05-01 06:53:51,438 epoch 39 - iter 595/1199 - loss 0.11539363 - time (sec): 179.85 - samples/sec: 2305.40 - lr: 0.025000
2023-05-01 06:54:29,161 epoch 39 - iter 714/1199 - loss 0.11543282 - time (sec): 217.58 - samples/sec: 2291.25 - lr: 0.025000
2023-05-01 06:54:40,367 ----------------------------------------------------------------------------------------------------
2023-05-01 06:54:40,368 Exiting from training early.
2023-05-01 06:54:40,369 Saving model ...
2023-05-01 06:54:41,478 Done.
2023-05-01 06:54:41,480 ----------------------------------------------------------------------------------------------------
2023-05-01 06:54:43,271 SequenceTagger predicts: Dictionary with 39 tags: O, S-geo, B-geo, E-geo, I-geo, S-tim, B-tim, E-tim, I-tim, S-org, B-org, E-org, I-org, S-per, B-per, E-per, I-per, S-gpe, B-gpe, E-gpe, I-gpe, S-art, B-art, E-art, I-art, S-eve, B-eve, E-eve, I-eve, S-nat, B-nat, E-nat, I-nat, S-, B-, E-, I-, <START>, <STOP>
2023-05-01 06:54:57,451 Evaluating as a multi-label problem: False
2023-05-01 06:54:57,572 0.8218	0.812	0.8169	0.729
2023-05-01 06:54:57,573 
Results:
- F-score (micro) 0.8169
- F-score (macro) 0.6665
- Accuracy 0.729

By class:
              precision    recall  f1-score   support

         geo     0.8134    0.8918    0.8508      3763
         tim     0.8556    0.8532    0.8544      2139
         org     0.7196    0.5717    0.6372      1980
         per     0.7718    0.7847    0.7782      1681
         gpe     0.9598    0.9314    0.9453      1588
         art     0.7500    0.1333    0.2264        45
         nat     0.6000    0.3750    0.4615        32
         eve     0.8667    0.4333    0.5778        30

   micro avg     0.8218    0.8120    0.8169     11258
   macro avg     0.7921    0.6218    0.6665     11258
weighted avg     0.8186    0.8120    0.8121     11258

2023-05-01 06:54:57,574 ----------------------------------------------------------------------------------------------------
